[10:54:36] [main/INFO] [FML/]: Forge Mod Loader version 7.99.4.1614 for Minecraft 1.7.10 loading
[10:54:37] [main/INFO] [FML/]: Java is OpenJDK 64-Bit Server VM, version 1.8.0_151, running on Linux:amd64:4.4.0-116-generic, installed at /usr/lib/jvm/java-8-openjdk-amd64/jre
[10:54:37] [main/INFO] [STDERR/]: [pw.prok.imagine.ImagineLoadingPlugin:<clinit>:26]: Loading plugin initialized!
[10:54:40] [main/INFO] [STDERR/]: [codechicken.core.launch.DepLoader$DepLoadInst:checkExisting:436]: Warning: version of bspkrsCore, 6.16 is newer than request 6.15
[10:54:40] [main/INFO] [FML/]: Found FastCraft tweaker, skipping...
[10:54:40] [main/INFO] [STDOUT/]: [micdoodle8.mods.miccore.DepLoader$DepLoadInst:<init>:333]: MicdoodleCore searching for dependencies in mods file: /home/joe/apps/Minecraft/tekkit_server/./mods
[10:54:40] [main/WARN] [FML/]: The following coremods do not have a @MCVersion annotation. They may cause problems if this is not the correct version of Minecraft for them.
[10:54:40] [main/WARN] [FML/]: Missing @MCVersion: codechicken.core.launch.CodeChickenCorePlugin  cofh.asm.LoadingPlugin  codechicken.core.launch.DepLoader  mrtjp.relocation.asm.RelocationPlugin  mods.immibis.core.ICCoreMod  mods.immibis.microblocks.coremod.MicroblocksCoreMod  ic2.core.coremod.IC2core  invtweaks.forge.asm.FMLPlugin  micdoodle8.mods.miccore.MicdoodlePlugin  mrtjp.core.handler.CorePlugin  codechicken.nei.asm.NEICorePlugin  codechicken.core.launch.DepLoader  codechicken.core.launch.DepLoader  
[10:54:40] [main/INFO] [LaunchWrapper/]: Loading tweak class name cpw.mods.fml.common.launcher.FMLInjectionAndSortingTweaker
[10:54:40] [main/INFO] [LaunchWrapper/]: Loading tweak class name cpw.mods.fml.common.launcher.FMLDeobfTweaker
[10:54:40] [main/INFO] [LaunchWrapper/]: Calling tweak class cpw.mods.fml.common.launcher.FMLInjectionAndSortingTweaker
[10:54:40] [main/INFO] [LaunchWrapper/]: Calling tweak class cpw.mods.fml.common.launcher.FMLInjectionAndSortingTweaker
[10:54:40] [main/INFO] [LaunchWrapper/]: Calling tweak class cpw.mods.fml.relauncher.CoreModManager$FMLPluginWrapper
[10:54:41] [main/INFO] [LaunchWrapper/]: Calling tweak class cpw.mods.fml.relauncher.CoreModManager$FMLPluginWrapper
[10:54:41] [main/INFO] [LaunchWrapper/]: Calling tweak class cpw.mods.fml.relauncher.CoreModManager$FMLPluginWrapper
[10:54:41] [main/INFO] [LaunchWrapper/]: Calling tweak class cpw.mods.fml.relauncher.CoreModManager$FMLPluginWrapper
[10:54:43] [main/INFO] [LaunchWrapper/]: Calling tweak class cpw.mods.fml.relauncher.CoreModManager$FMLPluginWrapper
[10:54:43] [main/INFO] [LaunchWrapper/]: Calling tweak class cpw.mods.fml.relauncher.CoreModManager$FMLPluginWrapper
[10:54:43] [main/INFO] [LaunchWrapper/]: Calling tweak class cpw.mods.fml.relauncher.CoreModManager$FMLPluginWrapper
[10:54:43] [main/INFO] [LaunchWrapper/]: Calling tweak class cpw.mods.fml.relauncher.CoreModManager$FMLPluginWrapper
[10:54:43] [main/INFO] [LaunchWrapper/]: Calling tweak class cpw.mods.fml.relauncher.CoreModManager$FMLPluginWrapper
[10:54:43] [main/INFO] [IC2-core/]: Loaded library EJML-core-0.26.jar.
[10:54:43] [main/INFO] [LaunchWrapper/]: Calling tweak class cpw.mods.fml.relauncher.CoreModManager$FMLPluginWrapper
[10:54:43] [main/INFO] [LaunchWrapper/]: Calling tweak class cpw.mods.fml.relauncher.CoreModManager$FMLPluginWrapper
[10:54:43] [main/INFO] [STDOUT/]: [micdoodle8.mods.miccore.MicdoodlePlugin:getASMTransformerClass:102]: Successfully Registered Transformer
[10:54:44] [main/INFO] [STDOUT/]: [micdoodle8.mods.miccore.MicdoodlePlugin:injectData:295]: [Micdoodle8Core]: Patching game...
[10:54:44] [main/INFO] [STDOUT/]: [micdoodle8.mods.miccore.MicdoodlePlugin:injectData:295]: [Micdoodle8Core]: Patching game...
[10:54:44] [main/INFO] [LaunchWrapper/]: Calling tweak class cpw.mods.fml.relauncher.CoreModManager$FMLPluginWrapper
[10:54:44] [main/INFO] [LaunchWrapper/]: Calling tweak class cpw.mods.fml.relauncher.CoreModManager$FMLPluginWrapper
[10:54:44] [main/INFO] [LaunchWrapper/]: Calling tweak class cpw.mods.fml.relauncher.CoreModManager$FMLPluginWrapper
[10:54:44] [main/INFO] [LaunchWrapper/]: Calling tweak class cpw.mods.fml.relauncher.CoreModManager$FMLPluginWrapper
[10:54:44] [main/INFO] [LaunchWrapper/]: Calling tweak class cpw.mods.fml.relauncher.CoreModManager$FMLPluginWrapper
[10:54:44] [main/INFO] [LaunchWrapper/]: Calling tweak class cpw.mods.fml.common.launcher.FMLDeobfTweaker
[10:54:44] [main/INFO] [LaunchWrapper/]: Calling tweak class cpw.mods.fml.relauncher.CoreModManager$FMLPluginWrapper
[10:54:44] [main/INFO] [LaunchWrapper/]: Calling tweak class cpw.mods.fml.relauncher.CoreModManager$FMLPluginWrapper
[10:54:44] [main/INFO] [LaunchWrapper/]: Loading tweak class name cpw.mods.fml.common.launcher.TerminalTweaker
[10:54:44] [main/INFO] [LaunchWrapper/]: Calling tweak class cpw.mods.fml.common.launcher.TerminalTweaker
[10:54:45] [main/INFO] [STDOUT/]: [micdoodle8.mods.miccore.MicdoodleTransformer:printLog:1989]: Galacticraft successfully injected bytecode into: ahb (1 / 1)
[10:54:45] [main/INFO] [STDERR/]: [micdoodle8.mods.miccore.MicdoodleTransformer:printResultsAndReset:1905]: Potential problem: Galacticraft did not complete injection of bytecode into: oi (4 / 6)
[10:54:45] [main/INFO] [STDOUT/]: [micdoodle8.mods.miccore.MicdoodleTransformer:printLog:1989]: Galacticraft successfully injected bytecode into: sv (1 / 1)
[10:54:45] [main/INFO] [LaunchWrapper/]: Launching wrapped minecraft {net.minecraft.server.MinecraftServer}
[10:54:45] [main/INFO] [STDOUT/]: [micdoodle8.mods.miccore.MicdoodleTransformer:printLog:1989]: Galacticraft successfully injected bytecode into: xk (1 / 1)
[10:54:46] [main/INFO] [OpenComputers/]: Successfully patched sw.recreateLeash.
[10:54:46] [main/INFO] [STDOUT/]: [micdoodle8.mods.miccore.MicdoodleTransformer:printLog:1989]: Galacticraft successfully injected bytecode into: zc (1 / 1)
